<?xml version="1.0" encoding="UTF-8"?>
<!-- Generated by org.testng.reporters.JUnitReportReporter -->
<testsuite skipped="0" hostname="Jagadishs-MacBook-Pro.local" name="testRunner.TestRunner" tests="1" failures="0" timestamp="15 Jan 2021 01:04:24 GMT" time="157.577" errors="0">
  <testcase name="runScenario" time="157.577" classname="testRunner.TestRunner"/>
</testsuite> <!-- testRunner.TestRunner -->
