<?xml version="1.0" encoding="UTF-8"?>
<!-- Generated by org.testng.reporters.JUnitReportReporter -->
<testsuite skipped="0" hostname="Jagadishs-MacBook-Pro.local" name="testRunner.TestRunner" tests="1" failures="0" timestamp="15 Jan 2021 00:49:01 GMT" time="159.900" errors="0">
  <testcase name="runScenario" time="159.900" classname="testRunner.TestRunner"/>
</testsuite> <!-- testRunner.TestRunner -->
